0 info it worked if it ends with ok
1 verbose cli [ '/usr/bin/node', '/usr/bin/npm', 'run', 'start:dev' ]
2 info using npm@3.5.2
3 info using node@v8.10.0
4 verbose run-script [ 'prestart:dev', 'start:dev', 'poststart:dev' ]
5 info lifecycle cleanly@1.0.0~prestart:dev: cleanly@1.0.0
6 silly lifecycle cleanly@1.0.0~prestart:dev: no script for prestart:dev, continuing
7 info lifecycle cleanly@1.0.0~start:dev: cleanly@1.0.0
8 verbose lifecycle cleanly@1.0.0~start:dev: unsafe-perm in lifecycle true
9 verbose lifecycle cleanly@1.0.0~start:dev: PATH: /usr/share/npm/bin/node-gyp-bin:/home/maribel/Documents/Homework/Project3/cleanly/node_modules/.bin:/home/maribel/Documents/Homework/Project3/cleanly/node_modules/.bin:/home/maribel/.config/yarn/link/node_modules/.bin:/home/maribel/Documents/Homework/Project3/cleanly/node_modules/.bin:/home/maribel/.config/yarn/link/node_modules/.bin:/home/maribel/.yarn/bin:/usr/libexec/lib/node_modules/npm/bin/node-gyp-bin:/usr/lib/node_modules/npm/bin/node-gyp-bin:/usr/bin/node_modules/npm/bin/node-gyp-bin:/usr/bin:/usr/local/sbin:/usr/local/bin:/usr/sbin:/usr/bin:/sbin:/bin:/usr/games:/usr/local/games:/snap/bin
10 verbose lifecycle cleanly@1.0.0~start:dev: CWD: /home/maribel/Documents/Homework/Project3/cleanly
11 silly lifecycle cleanly@1.0.0~start:dev: Args: [ '-c',
11 silly lifecycle   'concurrently "nodemon --ignore \'client/*\'" "npm run client"' ]
12 silly lifecycle cleanly@1.0.0~start:dev: Returned: code: 1  signal: null
13 info lifecycle cleanly@1.0.0~start:dev: Failed to exec start:dev script
14 verbose stack Error: cleanly@1.0.0 start:dev: `concurrently "nodemon --ignore 'client/*'" "npm run client"`
14 verbose stack Exit status 1
14 verbose stack     at EventEmitter.<anonymous> (/usr/share/npm/lib/utils/lifecycle.js:232:16)
14 verbose stack     at emitTwo (events.js:126:13)
14 verbose stack     at EventEmitter.emit (events.js:214:7)
14 verbose stack     at ChildProcess.<anonymous> (/usr/share/npm/lib/utils/spawn.js:24:14)
14 verbose stack     at emitTwo (events.js:126:13)
14 verbose stack     at ChildProcess.emit (events.js:214:7)
14 verbose stack     at maybeClose (internal/child_process.js:925:16)
14 verbose stack     at Process.ChildProcess._handle.onexit (internal/child_process.js:209:5)
15 verbose pkgid cleanly@1.0.0
16 verbose cwd /home/maribel/Documents/Homework/Project3/cleanly
17 error Linux 4.15.0-29-generic
18 error argv "/usr/bin/node" "/usr/bin/npm" "run" "start:dev"
19 error node v8.10.0
20 error npm  v3.5.2
21 error code ELIFECYCLE
22 error cleanly@1.0.0 start:dev: `concurrently "nodemon --ignore 'client/*'" "npm run client"`
22 error Exit status 1
23 error Failed at the cleanly@1.0.0 start:dev script 'concurrently "nodemon --ignore 'client/*'" "npm run client"'.
23 error Make sure you have the latest version of node.js and npm installed.
23 error If you do, this is most likely a problem with the cleanly package,
23 error not with npm itself.
23 error Tell the author that this fails on your system:
23 error     concurrently "nodemon --ignore 'client/*'" "npm run client"
23 error You can get information on how to open an issue for this project with:
23 error     npm bugs cleanly
23 error Or if that isn't available, you can get their info via:
23 error     npm owner ls cleanly
23 error There is likely additional logging output above.
24 verbose exit [ 1, true ]
